C:\Program Files (x86)\Microsoft Visual Studio\2017\Community\Common7\IDE\VC\VCTargets\Microsoft.CppBuild.targets(391,5): warning MSB8028: The intermediate directory (Debug\) contains files shared from another project (Particle System by 0118856 Teena.vcxproj).  This can lead to incorrect clean and rebuild behavior.
  ConsoleApplication1.cpp
c:\program files (x86)\windows kits\10\include\10.0.17763.0\shared\minwindef.h(130): warning C4005: 'APIENTRY': macro redefinition
  d:\game development\school project\semester 6\ai programming\assignment 3 boid simulation\0118856_teena_boid&steeringbehavioursimulation\dependency\glfw\include\glfw\glfw3.h(104): note: see previous definition of 'APIENTRY'
d:\game development\school project\semester 6\ai programming\assignment 3 boid simulation\0118856_teena_boid&steeringbehavioursimulation\consoleapplication1\triangle.h(18): warning C4305: 'initializing': truncation from 'double' to 'float'
d:\game development\school project\semester 6\ai programming\assignment 3 boid simulation\0118856_teena_boid&steeringbehavioursimulation\consoleapplication1\circle.h(47): warning C4244: 'argument': conversion from 'double' to 'GLfloat', possible loss of data
d:\game development\school project\semester 6\ai programming\assignment 3 boid simulation\0118856_teena_boid&steeringbehavioursimulation\consoleapplication1\circle.h(46): warning C4244: 'argument': conversion from 'double' to 'GLfloat', possible loss of data
d:\game development\school project\semester 6\ai programming\assignment 3 boid simulation\0118856_teena_boid&steeringbehavioursimulation\consoleapplication1\consoleapplication1.cpp(115): warning C4244: 'argument': conversion from 'int' to 'float', possible loss of data
d:\game development\school project\semester 6\ai programming\assignment 3 boid simulation\0118856_teena_boid&steeringbehavioursimulation\consoleapplication1\consoleapplication1.cpp(115): warning C4244: 'argument': conversion from 'double' to 'float', possible loss of data
d:\game development\school project\semester 6\ai programming\assignment 3 boid simulation\0118856_teena_boid&steeringbehavioursimulation\consoleapplication1\consoleapplication1.cpp(149): warning C4838: conversion from 'int' to 'SHORT' requires a narrowing conversion
d:\game development\school project\semester 6\ai programming\assignment 3 boid simulation\0118856_teena_boid&steeringbehavioursimulation\consoleapplication1\consoleapplication1.cpp(180): warning C4244: 'argument': conversion from 'float' to 'GLint', possible loss of data
d:\game development\school project\semester 6\ai programming\assignment 3 boid simulation\0118856_teena_boid&steeringbehavioursimulation\consoleapplication1\consoleapplication1.cpp(193): warning C4244: 'argument': conversion from 'double' to 'float', possible loss of data
d:\game development\school project\semester 6\ai programming\assignment 3 boid simulation\0118856_teena_boid&steeringbehavioursimulation\consoleapplication1\consoleapplication1.cpp(215): warning C4244: 'initializing': conversion from 'double' to 'int', possible loss of data
d:\game development\school project\semester 6\ai programming\assignment 3 boid simulation\0118856_teena_boid&steeringbehavioursimulation\consoleapplication1\consoleapplication1.cpp(251): warning C4305: 'argument': truncation from 'double' to 'float'
d:\game development\school project\semester 6\ai programming\assignment 3 boid simulation\0118856_teena_boid&steeringbehavioursimulation\consoleapplication1\consoleapplication1.cpp(252): warning C4305: 'argument': truncation from 'double' to 'float'
d:\game development\school project\semester 6\ai programming\assignment 3 boid simulation\0118856_teena_boid&steeringbehavioursimulation\consoleapplication1\consoleapplication1.cpp(253): warning C4305: 'argument': truncation from 'double' to 'float'
d:\game development\school project\semester 6\ai programming\assignment 3 boid simulation\0118856_teena_boid&steeringbehavioursimulation\consoleapplication1\consoleapplication1.cpp(256): warning C4244: 'initializing': conversion from 'int' to 'float', possible loss of data
d:\game development\school project\semester 6\ai programming\assignment 3 boid simulation\0118856_teena_boid&steeringbehavioursimulation\consoleapplication1\consoleapplication1.cpp(257): warning C4244: 'initializing': conversion from 'int' to 'float', possible loss of data
d:\game development\school project\semester 6\ai programming\assignment 3 boid simulation\0118856_teena_boid&steeringbehavioursimulation\consoleapplication1\consoleapplication1.cpp(259): warning C4244: 'initializing': conversion from 'double' to 'float', possible loss of data
d:\game development\school project\semester 6\ai programming\assignment 3 boid simulation\0118856_teena_boid&steeringbehavioursimulation\consoleapplication1\consoleapplication1.cpp(260): warning C4244: 'initializing': conversion from 'double' to 'float', possible loss of data
d:\game development\school project\semester 6\ai programming\assignment 3 boid simulation\0118856_teena_boid&steeringbehavioursimulation\consoleapplication1\consoleapplication1.cpp(264): warning C4244: '=': conversion from 'double' to 'float', possible loss of data
d:\game development\school project\semester 6\ai programming\assignment 3 boid simulation\0118856_teena_boid&steeringbehavioursimulation\consoleapplication1\consoleapplication1.cpp(265): warning C4244: '=': conversion from 'double' to 'float', possible loss of data
d:\game development\school project\semester 6\ai programming\assignment 3 boid simulation\0118856_teena_boid&steeringbehavioursimulation\consoleapplication1\consoleapplication1.cpp(269): warning C4244: '=': conversion from 'double' to 'float', possible loss of data
d:\game development\school project\semester 6\ai programming\assignment 3 boid simulation\0118856_teena_boid&steeringbehavioursimulation\consoleapplication1\consoleapplication1.cpp(270): warning C4244: '=': conversion from 'double' to 'float', possible loss of data
d:\game development\school project\semester 6\ai programming\assignment 3 boid simulation\0118856_teena_boid&steeringbehavioursimulation\consoleapplication1\consoleapplication1.cpp(278): warning C4244: 'argument': conversion from 'time_t' to 'unsigned int', possible loss of data
d:\game development\school project\semester 6\ai programming\assignment 3 boid simulation\0118856_teena_boid&steeringbehavioursimulation\consoleapplication1\consoleapplication1.cpp(290): warning C4244: 'initializing': conversion from 'size_t' to 'float', possible loss of data
d:\game development\school project\semester 6\ai programming\assignment 3 boid simulation\0118856_teena_boid&steeringbehavioursimulation\consoleapplication1\consoleapplication1.cpp(291): warning C4244: 'initializing': conversion from 'size_t' to 'float', possible loss of data
d:\game development\school project\semester 6\ai programming\assignment 3 boid simulation\0118856_teena_boid&steeringbehavioursimulation\consoleapplication1\consoleapplication1.cpp(292): warning C4244: 'initializing': conversion from 'size_t' to 'float', possible loss of data
d:\game development\school project\semester 6\ai programming\assignment 3 boid simulation\0118856_teena_boid&steeringbehavioursimulation\consoleapplication1\consoleapplication1.cpp(294): warning C4018: '<': signed/unsigned mismatch
d:\game development\school project\semester 6\ai programming\assignment 3 boid simulation\0118856_teena_boid&steeringbehavioursimulation\consoleapplication1\consoleapplication1.cpp(301): warning C4018: '<': signed/unsigned mismatch
d:\game development\school project\semester 6\ai programming\assignment 3 boid simulation\0118856_teena_boid&steeringbehavioursimulation\consoleapplication1\consoleapplication1.cpp(310): warning C4018: '<': signed/unsigned mismatch
d:\game development\school project\semester 6\ai programming\assignment 3 boid simulation\0118856_teena_boid&steeringbehavioursimulation\consoleapplication1\consoleapplication1.cpp(319): warning C4018: '<': signed/unsigned mismatch
d:\game development\school project\semester 6\ai programming\assignment 3 boid simulation\0118856_teena_boid&steeringbehavioursimulation\consoleapplication1\consoleapplication1.cpp(321): warning C4305: 'argument': truncation from 'double' to 'float'
d:\game development\school project\semester 6\ai programming\assignment 3 boid simulation\0118856_teena_boid&steeringbehavioursimulation\consoleapplication1\consoleapplication1.cpp(329): warning C4018: '<': signed/unsigned mismatch
d:\game development\school project\semester 6\ai programming\assignment 3 boid simulation\0118856_teena_boid&steeringbehavioursimulation\consoleapplication1\consoleapplication1.cpp(331): warning C4305: 'argument': truncation from 'double' to 'float'
d:\game development\school project\semester 6\ai programming\assignment 3 boid simulation\0118856_teena_boid&steeringbehavioursimulation\consoleapplication1\consoleapplication1.cpp(340): warning C4018: '<': signed/unsigned mismatch
d:\game development\school project\semester 6\ai programming\assignment 3 boid simulation\0118856_teena_boid&steeringbehavioursimulation\consoleapplication1\consoleapplication1.cpp(342): warning C4018: '<': signed/unsigned mismatch
d:\game development\school project\semester 6\ai programming\assignment 3 boid simulation\0118856_teena_boid&steeringbehavioursimulation\consoleapplication1\consoleapplication1.cpp(348): warning C4018: '>': signed/unsigned mismatch
d:\game development\school project\semester 6\ai programming\assignment 3 boid simulation\0118856_teena_boid&steeringbehavioursimulation\consoleapplication1\consoleapplication1.cpp(350): warning C4018: '>': signed/unsigned mismatch
d:\game development\school project\semester 6\ai programming\assignment 3 boid simulation\0118856_teena_boid&steeringbehavioursimulation\consoleapplication1\consoleapplication1.cpp(359): warning C4018: '<': signed/unsigned mismatch
d:\game development\school project\semester 6\ai programming\assignment 3 boid simulation\0118856_teena_boid&steeringbehavioursimulation\consoleapplication1\consoleapplication1.cpp(368): warning C4018: '<': signed/unsigned mismatch
d:\game development\school project\semester 6\ai programming\assignment 3 boid simulation\0118856_teena_boid&steeringbehavioursimulation\consoleapplication1\consoleapplication1.cpp(373): warning C4018: '<': signed/unsigned mismatch
LINK : warning LNK4098: defaultlib 'MSVCRT' conflicts with use of other libs; use /NODEFAULTLIB:library
  ConsoleApplication1.vcxproj -> D:\Game Development\School Project\Semester 6\AI Programming\Assignment 3 Boid Simulation\0118856_Teena_Boid&SteeringBehaviourSimulation\Debug\Boid_SteeringBehaviourSimulation by 0118856 Teena.exe
